[debug] [2024-10-04T10:12:30.134Z] ----------------------------------------------------------------------
[debug] [2024-10-04T10:12:30.141Z] Command:       C:\Program Files\nodejs\node.exe C:\Program Files\nodejs\node_modules\firebase-tools\lib\bin\firebase.js init
[debug] [2024-10-04T10:12:30.142Z] CLI Version:   13.20.2
[debug] [2024-10-04T10:12:30.142Z] Platform:      win32
[debug] [2024-10-04T10:12:30.142Z] Node Version:  v20.11.1
[debug] [2024-10-04T10:12:30.143Z] Time:          Fri Oct 04 2024 16:42:30 GMT+0630 (Myanmar Time)
[debug] [2024-10-04T10:12:30.144Z] ----------------------------------------------------------------------
[debug] 
[debug] [2024-10-04T10:12:30.176Z] >>> [apiv2][query] GET https://firebase-public.firebaseio.com/cli.json [none]
[debug] [2024-10-04T10:12:30.480Z] > command requires scopes: ["email","openid","https://www.googleapis.com/auth/cloudplatformprojects.readonly","https://www.googleapis.com/auth/firebase","https://www.googleapis.com/auth/cloud-platform"]
[debug] [2024-10-04T10:12:30.480Z] > authorizing via signed-in user (antun.rak@gmail.com)
[info] 
     ######## #### ########  ######## ########     ###     ######  ########
     ##        ##  ##     ## ##       ##     ##  ##   ##  ##       ##
     ######    ##  ########  ######   ########  #########  ######  ######
     ##        ##  ##    ##  ##       ##     ## ##     ##       ## ##
     ##       #### ##     ## ######## ########  ##     ##  ######  ########

You're about to initialize a Firebase project in this directory:

  D:\002 Own Projects\BankAccountManagementSystem

[debug] [2024-10-04T10:12:32.683Z] <<< [apiv2][status] GET https://firebase-public.firebaseio.com/cli.json 200
[debug] [2024-10-04T10:12:32.684Z] <<< [apiv2][body] GET https://firebase-public.firebaseio.com/cli.json {"cloudBuildErrorAfter":1594252800000,"cloudBuildWarnAfter":1590019200000,"defaultNode10After":1594252800000,"minVersion":"3.0.5","node8DeploysDisabledAfter":1613390400000,"node8RuntimeDisabledAfter":1615809600000,"node8WarnAfter":1600128000000}
